2022-09-28 08:18:38,564 [INFO] Activator:177 - 


2022-09-28 08:18:38,566 [INFO] Activator:178 - !SESSION log4j initialized
2022-09-28 08:18:58,212 [INFO] McuFinderGlobals:39 - Set McuFinder mode to 2 (CubeIDE integrated)
2022-09-28 08:19:03,232 [INFO] ApplicationProperties:181 - Using Application install path: E:\LocationDestinationFrom221\STM32CubeIDE\STM32CubeIDE_1.7.0\STM32CubeIDE\plugins\com.st.stm32cube.common.mx_6.3.0.202107141111
2022-09-28 08:19:03,278 [INFO] DbMcusXml:74 - Set database path to: E:\LocationDestinationFrom221\STM32CubeIDE\STM32CubeIDE_1.7.0\STM32CubeIDE\plugins\com.st.stm32cube.common.mx_6.3.0.202107141111\\db\/mcu/
2022-09-28 08:19:03,286 [INFO] DbBoardsPdsc:56 - Set plugin database path to: E:\LocationDestinationFrom221\STM32CubeIDE\STM32CubeIDE_1.7.0\STM32CubeIDE\plugins\com.st.stm32cube.common.mx_6.3.0.202107141111\\db\/plugins/boardmanager/
2022-09-28 08:19:03,286 [INFO] DbMcus:258 - Set plugin images path to: E:\LocationDestinationFrom221\STM32CubeIDE\STM32CubeIDE_1.7.0\STM32CubeIDE\plugins\com.st.stm32cube.common.mx_6.3.0.202107141111\\db\/plugins/mcufinder/images/
2022-09-28 08:19:03,286 [INFO] DbBoards:264 - Set plugin images path to: E:\LocationDestinationFrom221\STM32CubeIDE\STM32CubeIDE_1.7.0\STM32CubeIDE\plugins\com.st.stm32cube.common.mx_6.3.0.202107141111\\db\/plugins/mcufinder/images/
2022-09-28 08:19:03,290 [INFO] DbExamples:333 - Set plugin images path to: E:\LocationDestinationFrom221\STM32CubeIDE\STM32CubeIDE_1.7.0\STM32CubeIDE\plugins\com.st.stm32cube.common.mx_6.3.0.202107141111\\db\/plugins/mcufinder/images/
2022-09-28 08:19:03,361 [INFO] DbMcusAds:119 - Set database path to: C:\Users\Admin\.stmcufinder\plugins\mcufinder//mcu/
2022-09-28 08:19:03,361 [INFO] DbMcusDocs:110 - Set database path to: C:\Users\Admin\.stmcufinder\plugins\mcufinder//mcu/
2022-09-28 08:19:03,377 [INFO] DbMcusJson:64 - Set database path to: C:\Users\Admin\.stmcufinder\plugins\mcufinder//mcu/
2022-09-28 08:19:03,377 [INFO] DbBoardsDocs:110 - Set database path to: C:\Users\Admin\.stmcufinder\plugins\mcufinder//mcu/
2022-09-28 08:19:03,377 [INFO] DbBoardsJson:57 - Set database path to: C:\Users\Admin\.stmcufinder\plugins\mcufinder//mcu/
2022-09-28 08:19:03,392 [INFO] CrossReferenceDbSqlite:196 - Set database path to: C:\Users\Admin\.stmcufinder\plugins\mcufinder//mcu/cs/
2022-09-28 08:19:03,392 [INFO] DbExamplesSqlite:767 - Set database path to: C:\Users\Admin\.stmcufinder\plugins\mcufinder//mcu/
2022-09-28 08:19:03,673 [INFO] RulesReader:57 - Compatibility file has been processed (242 Rules)
2022-09-28 08:19:04,204 [INFO] DbMcusXml:74 - Set database path to: E:\LocationDestinationFrom221\STM32CubeIDE\STM32CubeIDE_1.7.0\STM32CubeIDE\plugins\com.st.stm32cube.common.mx_6.3.0.202107141111\\db\/mcu/
2022-09-28 08:19:04,204 [INFO] DbBoardsPdsc:56 - Set plugin database path to: E:\LocationDestinationFrom221\STM32CubeIDE\STM32CubeIDE_1.7.0\STM32CubeIDE\plugins\com.st.stm32cube.common.mx_6.3.0.202107141111\\db\/plugins/boardmanager/
2022-09-28 08:19:04,204 [INFO] DbMcus:258 - Set plugin images path to: E:\LocationDestinationFrom221\STM32CubeIDE\STM32CubeIDE_1.7.0\STM32CubeIDE\plugins\com.st.stm32cube.common.mx_6.3.0.202107141111\\db\/plugins/mcufinder/images/
2022-09-28 08:19:04,204 [INFO] DbBoards:264 - Set plugin images path to: E:\LocationDestinationFrom221\STM32CubeIDE\STM32CubeIDE_1.7.0\STM32CubeIDE\plugins\com.st.stm32cube.common.mx_6.3.0.202107141111\\db\/plugins/mcufinder/images/
2022-09-28 08:19:04,204 [INFO] DbExamples:333 - Set plugin images path to: E:\LocationDestinationFrom221\STM32CubeIDE\STM32CubeIDE_1.7.0\STM32CubeIDE\plugins\com.st.stm32cube.common.mx_6.3.0.202107141111\\db\/plugins/mcufinder/images/
2022-09-28 08:19:04,204 [WARN] DbFile:35 - Overriding database path with different value: C:\Users\Admin\.stmcufinder\plugins\mcufinder/ => C:\Users\Admin\.stmcufinder\plugins\mcufinder
2022-09-28 08:19:04,204 [INFO] DbMcusAds:119 - Set database path to: C:\Users\Admin\.stmcufinder\plugins\mcufinder//mcu/
2022-09-28 08:19:04,204 [WARN] DbFile:35 - Overriding database path with different value: C:\Users\Admin\.stmcufinder\plugins\mcufinder/ => C:\Users\Admin\.stmcufinder\plugins\mcufinder
2022-09-28 08:19:04,204 [INFO] DbMcusDocs:110 - Set database path to: C:\Users\Admin\.stmcufinder\plugins\mcufinder//mcu/
2022-09-28 08:19:04,204 [WARN] DbFile:35 - Overriding database path with different value: C:\Users\Admin\.stmcufinder\plugins\mcufinder/ => C:\Users\Admin\.stmcufinder\plugins\mcufinder
2022-09-28 08:19:04,204 [INFO] DbMcusJson:64 - Set database path to: C:\Users\Admin\.stmcufinder\plugins\mcufinder//mcu/
2022-09-28 08:19:04,204 [WARN] DbFile:35 - Overriding database path with different value: C:\Users\Admin\.stmcufinder\plugins\mcufinder/ => C:\Users\Admin\.stmcufinder\plugins\mcufinder
2022-09-28 08:19:04,204 [INFO] DbBoardsDocs:110 - Set database path to: C:\Users\Admin\.stmcufinder\plugins\mcufinder//mcu/
2022-09-28 08:19:04,204 [WARN] DbFile:35 - Overriding database path with different value: C:\Users\Admin\.stmcufinder\plugins\mcufinder/ => C:\Users\Admin\.stmcufinder\plugins\mcufinder
2022-09-28 08:19:04,204 [INFO] DbBoardsJson:57 - Set database path to: C:\Users\Admin\.stmcufinder\plugins\mcufinder//mcu/
2022-09-28 08:19:04,220 [WARN] DbFile:35 - Overriding database path with different value: C:\Users\Admin\.stmcufinder\plugins\mcufinder/ => C:\Users\Admin\.stmcufinder\plugins\mcufinder
2022-09-28 08:19:04,220 [WARN] DbFile:35 - Overriding database path with different value: C:\Users\Admin\.stmcufinder\plugins\mcufinder/ => C:\Users\Admin\.stmcufinder\plugins\mcufinder
2022-09-28 08:19:04,220 [INFO] CrossReferenceDbSqlite:196 - Set database path to: C:\Users\Admin\.stmcufinder\plugins\mcufinder//mcu/cs/
2022-09-28 08:19:04,220 [WARN] DbFile:35 - Overriding database path with different value: C:\Users\Admin\.stmcufinder\plugins\mcufinder/ => C:\Users\Admin\.stmcufinder\plugins\mcufinder
2022-09-28 08:19:04,220 [INFO] DbExamplesSqlite:767 - Set database path to: C:\Users\Admin\.stmcufinder\plugins\mcufinder//mcu/
2022-09-28 08:19:04,814 [INFO] MainPanel:214 - HeapMemory: 268435456
2022-09-28 08:19:05,111 [INFO] DbMcusXml:74 - Set database path to: E:\LocationDestinationFrom221\STM32CubeIDE\STM32CubeIDE_1.7.0\STM32CubeIDE\plugins\com.st.stm32cube.common.mx_6.3.0.202107141111\\db\/mcu/
2022-09-28 08:19:05,111 [INFO] DbBoardsPdsc:56 - Set plugin database path to: E:\LocationDestinationFrom221\STM32CubeIDE\STM32CubeIDE_1.7.0\STM32CubeIDE\plugins\com.st.stm32cube.common.mx_6.3.0.202107141111\\db\/plugins/boardmanager/
2022-09-28 08:19:05,111 [INFO] DbMcus:258 - Set plugin images path to: E:\LocationDestinationFrom221\STM32CubeIDE\STM32CubeIDE_1.7.0\STM32CubeIDE\plugins\com.st.stm32cube.common.mx_6.3.0.202107141111\\db\/plugins/mcufinder/images/
2022-09-28 08:19:05,111 [INFO] DbBoards:264 - Set plugin images path to: E:\LocationDestinationFrom221\STM32CubeIDE\STM32CubeIDE_1.7.0\STM32CubeIDE\plugins\com.st.stm32cube.common.mx_6.3.0.202107141111\\db\/plugins/mcufinder/images/
2022-09-28 08:19:05,111 [INFO] DbExamples:333 - Set plugin images path to: E:\LocationDestinationFrom221\STM32CubeIDE\STM32CubeIDE_1.7.0\STM32CubeIDE\plugins\com.st.stm32cube.common.mx_6.3.0.202107141111\\db\/plugins/mcufinder/images/
2022-09-28 08:19:05,111 [WARN] DbFile:35 - Overriding database path with different value: C:\Users\Admin\.stmcufinder\plugins\mcufinder/ => C:\Users\Admin\.stmcufinder\plugins\mcufinder
2022-09-28 08:19:05,111 [INFO] DbMcusAds:119 - Set database path to: C:\Users\Admin\.stmcufinder\plugins\mcufinder//mcu/
2022-09-28 08:19:05,111 [WARN] DbFile:35 - Overriding database path with different value: C:\Users\Admin\.stmcufinder\plugins\mcufinder/ => C:\Users\Admin\.stmcufinder\plugins\mcufinder
2022-09-28 08:19:05,111 [INFO] DbMcusDocs:110 - Set database path to: C:\Users\Admin\.stmcufinder\plugins\mcufinder//mcu/
2022-09-28 08:19:05,111 [WARN] DbFile:35 - Overriding database path with different value: C:\Users\Admin\.stmcufinder\plugins\mcufinder/ => C:\Users\Admin\.stmcufinder\plugins\mcufinder
2022-09-28 08:19:05,111 [INFO] DbMcusJson:64 - Set database path to: C:\Users\Admin\.stmcufinder\plugins\mcufinder//mcu/
2022-09-28 08:19:05,111 [WARN] DbFile:35 - Overriding database path with different value: C:\Users\Admin\.stmcufinder\plugins\mcufinder/ => C:\Users\Admin\.stmcufinder\plugins\mcufinder
2022-09-28 08:19:05,111 [INFO] DbBoardsDocs:110 - Set database path to: C:\Users\Admin\.stmcufinder\plugins\mcufinder//mcu/
2022-09-28 08:19:05,111 [WARN] DbFile:35 - Overriding database path with different value: C:\Users\Admin\.stmcufinder\plugins\mcufinder/ => C:\Users\Admin\.stmcufinder\plugins\mcufinder
2022-09-28 08:19:05,111 [INFO] DbBoardsJson:57 - Set database path to: C:\Users\Admin\.stmcufinder\plugins\mcufinder//mcu/
2022-09-28 08:19:05,111 [WARN] DbFile:35 - Overriding database path with different value: C:\Users\Admin\.stmcufinder\plugins\mcufinder/ => C:\Users\Admin\.stmcufinder\plugins\mcufinder
2022-09-28 08:19:05,111 [WARN] DbFile:35 - Overriding database path with different value: C:\Users\Admin\.stmcufinder\plugins\mcufinder/ => C:\Users\Admin\.stmcufinder\plugins\mcufinder
2022-09-28 08:19:05,111 [INFO] CrossReferenceDbSqlite:196 - Set database path to: C:\Users\Admin\.stmcufinder\plugins\mcufinder//mcu/cs/
2022-09-28 08:19:05,111 [WARN] DbFile:35 - Overriding database path with different value: C:\Users\Admin\.stmcufinder\plugins\mcufinder/ => C:\Users\Admin\.stmcufinder\plugins\mcufinder
2022-09-28 08:19:05,111 [INFO] DbExamplesSqlite:767 - Set database path to: C:\Users\Admin\.stmcufinder\plugins\mcufinder//mcu/
2022-09-28 08:19:05,220 [INFO] ApplicationProperties:181 - Using Application install path: E:\LocationDestinationFrom221\STM32CubeIDE\STM32CubeIDE_1.7.0\STM32CubeIDE\plugins\com.st.stm32cube.common.mx_6.3.0.202107141111
2022-09-28 08:19:05,220 [INFO] PluginManage:188 - Search for loadable plugins [exclusion list=, ]
2022-09-28 08:19:05,220 [INFO] PluginManage:302 - Check plugin analytics
2022-09-28 08:19:13,355 [INFO] AnalyticsPlugin:257 - Accepted Software Licenses: 
2022-09-28 08:19:13,355 [INFO] AnalyticsPlugin:259 - Accepted CMSIS Pack Licenses: 
2022-09-28 08:19:13,355 [INFO] AnalyticsPlugin:261 - Accepted Firmware Licenses: 
2022-09-28 08:19:13,355 [INFO] PluginManage:352 - Loaded plugin analytics (category:tool,tabindex:-1)
2022-09-28 08:19:13,355 [INFO] PluginManage:302 - Check plugin clock
2022-09-28 08:19:13,756 [INFO] PluginManage:352 - Loaded plugin clock (category:base,tabindex:2)
2022-09-28 08:19:13,756 [INFO] PluginManage:302 - Check plugin ddr
2022-09-28 08:19:13,913 [INFO] PluginManage:352 - Loaded plugin ddr (category:tool,tabindex:6)
2022-09-28 08:19:13,914 [INFO] PluginManage:302 - Check plugin filemanager
2022-09-28 08:19:15,681 [INFO] PluginManage:352 - Loaded plugin filemanager (category:base,tabindex:10)
2022-09-28 08:19:15,681 [INFO] PluginManage:302 - Check plugin ipmanager
2022-09-28 08:19:16,065 [INFO] PluginManage:352 - Loaded plugin ipmanager (category:base,tabindex:5)
2022-09-28 08:19:16,065 [INFO] PluginManage:302 - Check plugin pinoutandconfiguration
2022-09-28 08:19:16,344 [INFO] PluginManage:352 - Loaded plugin pinoutandconfiguration (category:base,tabindex:1)
2022-09-28 08:19:16,344 [INFO] PluginManage:302 - Check plugin pinoutconfig
2022-09-28 08:19:16,940 [INFO] PluginManage:352 - Loaded plugin pinoutconfig (category:base,tabindex:0)
2022-09-28 08:19:16,940 [INFO] PluginManage:302 - Check plugin power
2022-09-28 08:19:17,614 [INFO] PluginManage:352 - Loaded plugin power (category:power,tabindex:4)
2022-09-28 08:19:17,614 [INFO] PluginManage:302 - Check plugin projectmanager
2022-09-28 08:19:17,644 [INFO] PluginManage:352 - Loaded plugin projectmanager (category:projectmanager,tabindex:3)
2022-09-28 08:19:17,644 [INFO] PluginManage:302 - Check plugin thirdparty
2022-09-28 08:19:19,830 [WARN] IntegrityCheckThread:78 - waiting for thirdparty lock release [integrity check]
2022-09-28 08:19:19,831 [INFO] IntegrityCheckThread:80 - entering critical section [integrity check]
2022-09-28 08:19:19,831 [INFO] PluginManage:352 - Loaded plugin thirdparty (category:base,tabindex:-1)
2022-09-28 08:19:19,831 [INFO] ThirdPartyUpdaterWithRetryManager:66 - Updater plugin not ready yet. [1/15]
2022-09-28 08:19:19,831 [INFO] PluginManage:302 - Check plugin tools
2022-09-28 08:19:20,067 [INFO] PluginManage:352 - Loaded plugin tools (category:base,tabindex:7)
2022-09-28 08:19:20,067 [INFO] PluginManage:302 - Check plugin tutovideos
2022-09-28 08:19:21,911 [INFO] PluginManage:352 - Loaded plugin tutovideos (category:base,tabindex:-1)
2022-09-28 08:19:21,911 [INFO] PluginManage:302 - Check plugin updater
2022-09-28 08:19:21,974 [INFO] PluginManage:352 - Loaded plugin updater (category:base,tabindex:12)
2022-09-28 08:19:21,989 [INFO] PluginManage:275 - PluginManage : Loaded plugins [13]
2022-09-28 08:19:22,833 [INFO] ThirdPartyUpdaterWithRetryManager:66 - Updater plugin not ready yet. [2/15]
2022-09-28 08:19:23,615 [INFO] PinOutPanel:1463 - setPackage(No Configuration,No Configuration)
2022-09-28 08:19:24,359 [INFO] IPUIPlugin:74 - create IPUIPlugin
2022-09-28 08:19:24,359 [INFO] PluginManager:213 - loadIPPluginJar : add adc
2022-09-28 08:19:24,444 [INFO] IPUIPlugin:74 - create IPUIPlugin
2022-09-28 08:19:24,444 [INFO] PluginManager:213 - loadIPPluginJar : add aes
2022-09-28 08:19:24,491 [INFO] IPUIPlugin:74 - create IPUIPlugin
2022-09-28 08:19:24,491 [INFO] PluginManager:213 - loadIPPluginJar : add can
2022-09-28 08:19:24,546 [INFO] IPUIPlugin:74 - create IPUIPlugin
2022-09-28 08:19:24,546 [INFO] PluginManager:213 - loadIPPluginJar : add comp
2022-09-28 08:19:24,582 [INFO] IPUIPlugin:74 - create IPUIPlugin
2022-09-28 08:19:24,582 [INFO] PluginManager:213 - loadIPPluginJar : add cryp
2022-09-28 08:19:24,619 [INFO] IPUIPlugin:74 - create IPUIPlugin
2022-09-28 08:19:24,619 [INFO] PluginManager:213 - loadIPPluginJar : add dfsdm
2022-09-28 08:19:24,635 [INFO] IPUIPlugin:74 - create IPUIPlugin
2022-09-28 08:19:24,636 [INFO] PluginManager:213 - loadIPPluginJar : add dma
2022-09-28 08:19:24,705 [INFO] IPUIPlugin:74 - create IPUIPlugin
2022-09-28 08:19:24,705 [INFO] PluginManager:213 - loadIPPluginJar : add dma3
2022-09-28 08:19:24,733 [INFO] IPUIPlugin:74 - create IPUIPlugin
2022-09-28 08:19:24,733 [INFO] PluginManager:213 - loadIPPluginJar : add fatfs
2022-09-28 08:19:24,821 [INFO] IPUIPlugin:74 - create IPUIPlugin
2022-09-28 08:19:24,821 [INFO] PluginManager:213 - loadIPPluginJar : add fmc
2022-09-28 08:19:24,878 [INFO] IPUIPlugin:74 - create IPUIPlugin
2022-09-28 08:19:24,879 [INFO] PluginManager:213 - loadIPPluginJar : add freertos
2022-09-28 08:19:24,915 [INFO] IPUIPlugin:74 - create IPUIPlugin
2022-09-28 08:19:24,916 [INFO] PluginManager:213 - loadIPPluginJar : add genericplugin
2022-09-28 08:19:25,012 [INFO] IPUIPlugin:74 - create IPUIPlugin
2022-09-28 08:19:25,013 [INFO] PluginManager:213 - loadIPPluginJar : add gfxmmu
2022-09-28 08:19:25,147 [INFO] IPUIPlugin:74 - create IPUIPlugin
2022-09-28 08:19:25,147 [INFO] PluginManager:213 - loadIPPluginJar : add gic
2022-09-28 08:19:25,176 [INFO] IPUIPlugin:74 - create IPUIPlugin
2022-09-28 08:19:25,176 [INFO] PluginManager:213 - loadIPPluginJar : add gpio
2022-09-28 08:19:25,353 [INFO] IPUIPlugin:74 - create IPUIPlugin
2022-09-28 08:19:25,353 [INFO] PluginManager:213 - loadIPPluginJar : add gtzc
2022-09-28 08:19:25,389 [INFO] IPUIPlugin:74 - create IPUIPlugin
2022-09-28 08:19:25,389 [INFO] PluginManager:213 - loadIPPluginJar : add hash
2022-09-28 08:19:25,458 [INFO] IPUIPlugin:74 - create IPUIPlugin
2022-09-28 08:19:25,458 [INFO] PluginManager:213 - loadIPPluginJar : add i2c
2022-09-28 08:19:25,508 [INFO] IPUIPlugin:74 - create IPUIPlugin
2022-09-28 08:19:25,508 [INFO] PluginManager:213 - loadIPPluginJar : add i2s
2022-09-28 08:19:25,563 [INFO] IPUIPlugin:74 - create IPUIPlugin
2022-09-28 08:19:25,563 [INFO] PluginManager:213 - loadIPPluginJar : add ipddr
2022-09-28 08:19:25,683 [INFO] IPUIPlugin:74 - create IPUIPlugin
2022-09-28 08:19:25,684 [INFO] PluginManager:213 - loadIPPluginJar : add linkedlist
2022-09-28 08:19:25,712 [INFO] IPUIPlugin:74 - create IPUIPlugin
2022-09-28 08:19:25,712 [INFO] PluginManager:213 - loadIPPluginJar : add lorawan
2022-09-28 08:19:25,759 [INFO] IPUIPlugin:74 - create IPUIPlugin
2022-09-28 08:19:25,759 [INFO] PluginManager:213 - loadIPPluginJar : add ltdc
2022-09-28 08:19:25,792 [INFO] IPUIPlugin:74 - create IPUIPlugin
2022-09-28 08:19:25,792 [INFO] PluginManager:213 - loadIPPluginJar : add mdma
2022-09-28 08:19:25,801 [INFO] IPUIPlugin:74 - create IPUIPlugin
2022-09-28 08:19:25,801 [INFO] PluginManager:213 - loadIPPluginJar : add nvic
2022-09-28 08:19:25,848 [INFO] ThirdPartyUpdaterWithRetryManager:66 - Updater plugin not ready yet. [3/15]
2022-09-28 08:19:25,848 [INFO] IPUIPlugin:74 - create IPUIPlugin
2022-09-28 08:19:25,848 [INFO] PluginManager:213 - loadIPPluginJar : add opamp
2022-09-28 08:19:25,948 [INFO] IPUIPlugin:74 - create IPUIPlugin
2022-09-28 08:19:25,948 [INFO] PluginManager:213 - loadIPPluginJar : add openamp
2022-09-28 08:19:26,006 [INFO] IPUIPlugin:74 - create IPUIPlugin
2022-09-28 08:19:26,006 [INFO] PluginManager:213 - loadIPPluginJar : add pdm2pcm
2022-09-28 08:19:26,029 [INFO] IPUIPlugin:74 - create IPUIPlugin
2022-09-28 08:19:26,045 [INFO] PluginManager:213 - loadIPPluginJar : add plateformsettings
2022-09-28 08:19:26,061 [INFO] IPUIPlugin:74 - create IPUIPlugin
2022-09-28 08:19:26,061 [INFO] PluginManager:213 - loadIPPluginJar : add quadspi
2022-09-28 08:19:26,076 [INFO] IPUIPlugin:74 - create IPUIPlugin
2022-09-28 08:19:26,076 [INFO] PluginManager:213 - loadIPPluginJar : add resmgrutility
2022-09-28 08:19:26,165 [INFO] IPUIPlugin:74 - create IPUIPlugin
2022-09-28 08:19:26,165 [INFO] PluginManager:213 - loadIPPluginJar : add sai
2022-09-28 08:19:26,215 [INFO] IPUIPlugin:74 - create IPUIPlugin
2022-09-28 08:19:26,215 [INFO] PluginManager:213 - loadIPPluginJar : add spi
2022-09-28 08:19:26,293 [INFO] IPUIPlugin:74 - create IPUIPlugin
2022-09-28 08:19:26,294 [INFO] PluginManager:213 - loadIPPluginJar : add stm32_wpan
2022-09-28 08:19:26,323 [INFO] IPUIPlugin:74 - create IPUIPlugin
2022-09-28 08:19:26,324 [INFO] PluginManager:213 - loadIPPluginJar : add tim
2022-09-28 08:19:26,396 [INFO] IPUIPlugin:74 - create IPUIPlugin
2022-09-28 08:19:26,397 [INFO] PluginManager:213 - loadIPPluginJar : add touchsensing
2022-09-28 08:19:26,429 [INFO] IPUIPlugin:74 - create IPUIPlugin
2022-09-28 08:19:26,430 [INFO] PluginManager:213 - loadIPPluginJar : add tracer_emb
2022-09-28 08:19:26,496 [INFO] IPUIPlugin:74 - create IPUIPlugin
2022-09-28 08:19:26,496 [INFO] PluginManager:213 - loadIPPluginJar : add ts
2022-09-28 08:19:26,527 [INFO] IPUIPlugin:74 - create IPUIPlugin
2022-09-28 08:19:26,528 [INFO] PluginManager:213 - loadIPPluginJar : add tsc
2022-09-28 08:19:26,576 [INFO] IPUIPlugin:74 - create IPUIPlugin
2022-09-28 08:19:26,576 [INFO] PluginManager:213 - loadIPPluginJar : add ucpd
2022-09-28 08:19:26,626 [INFO] IPUIPlugin:74 - create IPUIPlugin
2022-09-28 08:19:26,626 [INFO] PluginManager:213 - loadIPPluginJar : add usart
2022-09-28 08:19:26,671 [INFO] IPUIPlugin:74 - create IPUIPlugin
2022-09-28 08:19:26,671 [INFO] PluginManager:213 - loadIPPluginJar : add usbx
2022-09-28 08:19:27,357 [FATAL] Updater:294 - Updater called before beeing initialized
2022-09-28 08:19:27,695 [FATAL] Updater:294 - Updater called before beeing initialized
2022-09-28 08:19:27,985 [INFO] DbMcusAds:47 - JSON generation date=Thu Sep 30 13:55:09 GMT+07:00 2021 (1632984909247)
2022-09-28 08:19:27,985 [FATAL] Updater:294 - Updater called before beeing initialized
2022-09-28 08:19:28,180 [WARN] DetailPanel:314 - Failed to get advertising image, set to default
2022-09-28 08:19:28,386 [FATAL] Updater:294 - Updater called before beeing initialized
2022-09-28 08:19:28,398 [FATAL] Updater:294 - Updater called before beeing initialized
2022-09-28 08:19:28,398 [FATAL] Updater:294 - Updater called before beeing initialized
2022-09-28 08:19:28,398 [WARN] DetailPanel:314 - Failed to get advertising image, set to default
2022-09-28 08:19:28,416 [FATAL] Updater:294 - Updater called before beeing initialized
2022-09-28 08:19:28,533 [ERROR] Updater:1075 - MainUpdater not yet initialized. External WinMGr cannot be set.
2022-09-28 08:19:28,576 [INFO] Updater:1012 - Updater Version found : 6.3.0
2022-09-28 08:19:28,690 [INFO] ApplicationProperties:181 - Using Application install path: E:\LocationDestinationFrom221\STM32CubeIDE\STM32CubeIDE_1.7.0\STM32CubeIDE\plugins\com.st.stm32cube.common.mx_6.3.0.202107141111
2022-09-28 08:19:28,862 [INFO] ThirdPartyUpdaterWithRetryManager:66 - Updater plugin not ready yet. [4/15]
2022-09-28 08:19:31,865 [FATAL] Updater:294 - Updater called before beeing initialized
2022-09-28 08:19:31,865 [ERROR] IntegrityCheckThread:124 - Cannot retrieve database content from updater: error 21
2022-09-28 08:19:31,865 [INFO] ThirdParty:915 - Integrity check success = false
2022-09-28 08:19:31,865 [INFO] IntegrityCheckThread:94 - exiting critical section [integrity check]
2022-09-28 08:19:31,865 [INFO] IntegrityCheckThread:97 - End integrity checks thread
2022-09-28 08:19:40,318 [ERROR] ServerAccessManage:1031 - Warning during Server Connexion :  Unknown host sw-center.st.com
2022-09-28 08:19:40,322 [ERROR] ServerAccessManage:1031 - Warning during Server Connexion :  Unknown host www.ebuc23.com
2022-09-28 08:19:40,324 [INFO] MainUpdater:2671 - connection check result : 22
2022-09-28 08:19:40,325 [INFO] MainUpdater:265 - Updater Check For Update Now.
2022-09-28 08:19:40,326 [INFO] MicroXplorer:478 - Change Database Version : DB.6.0.30
2022-09-28 08:19:40,963 [INFO] CheckServerUpdateThread:112 - End of CheckServer Thread
2022-09-28 08:19:41,283 [ERROR] ServerAccessManage:1031 - Warning during Server Connexion :  Unknown host sw-center.st.com
2022-09-28 08:19:41,285 [ERROR] ServerAccessManage:1031 - Warning during Server Connexion :  Unknown host www.ebuc23.com
2022-09-28 08:19:41,286 [INFO] MainUpdater:2671 - connection check result : 22
2022-09-28 08:21:05,583 [INFO] McuFinderGlobals:52 - Set McuFinderConnectedMode to false
2022-09-28 08:21:05,942 [INFO] CrossSelectorPresenter:1330 - Cross Selector saved comparison directory: C:\Users\Admin\.stmcufinder\plugins\mcufinder\mcu\cs_comparisons_mx
2022-09-28 08:21:05,942 [INFO] MultiScanPanel:197 - Auto-refresh data requested => check proxy status ongoing
2022-09-28 08:21:05,942 [INFO] MultiScanPanel:201 - Proxy status is invalid
2022-09-28 08:21:05,958 [INFO] FinderPluginLoader:87 - Searching for filters in installed packs
2022-09-28 08:21:05,958 [INFO] DbMcusXml:100 - Load MCU database from E:\LocationDestinationFrom221\STM32CubeIDE\STM32CubeIDE_1.7.0\STM32CubeIDE\plugins\com.st.stm32cube.common.mx_6.3.0.202107141111\\db\/mcu/families.xml
2022-09-28 08:21:07,502 [INFO] DbMcusJson:93 - JSON generation date=Tue Nov 16 23:17:54 GMT+07:00 2021 (1637079474)
2022-09-28 08:21:08,472 [INFO] DbMcus:175 - Found 1951 MCUs (1903 are supported by CubeMX, 1914 are visible in CubeMX)
2022-09-28 08:21:08,488 [INFO] ApiDb:251 - Load user favorites file C:\Users\Admin/.stm32cubeide/favorites.mcus.txt: 0 item(s)
2022-09-28 08:21:08,488 [INFO] ApiDb:255 - User favorites MCUs=[]
2022-09-28 08:21:08,488 [INFO] DbMcus:187 - Set 0 / 0 favorites MCUs
2022-09-28 08:21:09,410 [INFO] DetailPanel:309 - Set advertising image to C:/Users/Admin/STM32Cube/Repository/\en.Prom_NBSTM32U50921.jpg
2022-09-28 08:21:09,910 [INFO] DbBoardsPdsc:90 - Found 25 items
2022-09-28 08:21:09,941 [INFO] DbBoardsPdsc:90 - Found 9 items
2022-09-28 08:21:09,972 [INFO] DbBoardsPdsc:90 - Found 33 items
2022-09-28 08:21:09,988 [INFO] DbBoardsPdsc:90 - Found 1 items
2022-09-28 08:21:10,019 [INFO] DbBoardsPdsc:90 - Found 48 items
2022-09-28 08:21:10,035 [INFO] DbBoardsPdsc:90 - Found 43 items
2022-09-28 08:21:10,050 [INFO] DbBoardsPdsc:90 - Found 2 items
2022-09-28 08:21:10,050 [INFO] DbBoardsPdsc:90 - Found 5 items
2022-09-28 08:21:10,050 [WARN] DbBoardsPdsc:254 - Board STM32H7B3I-DK: unknown feature type=Audio, name=, username=Audio stereo codec with Headphone Amp (CS42L51-CNZ), n=1
2022-09-28 08:21:10,050 [WARN] DbBoardsPdsc:254 - Board STM32H735G-DK: unknown feature type=Audio, name=, username=Audio stereo codec with Headphone Amp (WM8994ECS/R), n=1
2022-09-28 08:21:10,066 [WARN] DbBoardsPdsc:254 - Board STM32H7B3I-EVAL: unknown feature type=Audio, name=, username=Multi-Channel Audio Codec (CS42L51-CNZ), n=1
2022-09-28 08:21:10,066 [WARN] DbBoardsPdsc:254 - Board STM32H7B3I-EVAL: unknown feature type=Meter, name=, username=Power-metering and Temperature-monitoring with sigma-delta modulators, n=1
2022-09-28 08:21:10,066 [WARN] DbBoardsPdsc:254 - Board STM32H7B3I-EVAL: unknown feature type=Motor, name=, username=Motor Control, n=1
2022-09-28 08:21:10,066 [WARN] DbBoardsPdsc:254 - Board STM32U575I-EV: unknown feature type=joystick, name=, username=4-direction joystick with selection button, n=1
2022-09-28 08:21:10,128 [INFO] DbBoardsJson:86 - JSON generation date=Tue Nov 16 23:17:54 GMT+07:00 2021 (1637079474)
2022-09-28 08:21:10,128 [INFO] DbBoards:117 - Found 167 boards (163 are supported by CubeMX)
2022-09-28 08:21:10,160 [INFO] DbBoardsDocs:143 - JSON generation date=Tue Nov 16 23:17:54 GMT+07:00 2021 (1637079474)
2022-09-28 08:21:10,160 [INFO] DbBoardsDocs:79 - Found 209 boards documents
2022-09-28 08:21:10,160 [WARN] DbBoards:127 - board B-L475E-IOT01A2 has no document id list !
2022-09-28 08:21:10,160 [WARN] DbBoards:127 - board NUCLEO-H743ZI has no document id list !
2022-09-28 08:21:10,160 [WARN] DbBoards:127 - board NUCLEO-WL55JC2 has no document id list !
2022-09-28 08:21:10,160 [WARN] DbBoards:127 - board P-NUCLEO-WB55-Nucleo has no document id list !
2022-09-28 08:21:10,160 [WARN] DbBoards:127 - board P-NUCLEO-WB55-USBDongle has no document id list !
2022-09-28 08:21:10,160 [WARN] DbBoards:127 - board STEVAL-BFA001V1B has no document id list !
2022-09-28 08:21:10,160 [WARN] DbBoards:127 - board STEVAL-BFA001V2B has no document id list !
2022-09-28 08:21:10,160 [WARN] DbBoards:127 - board STEVAL-IDP005V1 has no document id list !
2022-09-28 08:21:10,160 [WARN] DbBoards:127 - board STEVAL-IDP005V2 has no document id list !
2022-09-28 08:21:10,160 [WARN] DbBoards:127 - board STEVAL-MKSBOX1V1 has no document id list !
2022-09-28 08:21:10,160 [WARN] DbBoards:127 - board STEVAL-STWINKT1 has no document id list !
2022-09-28 08:21:10,160 [WARN] DbBoards:127 - board STEVAL-STWINKT1B has no document id list !
2022-09-28 08:21:10,160 [WARN] DbBoards:127 - board STM32439I-EVAL2 has no document id list !
2022-09-28 08:21:10,160 [WARN] DbBoards:127 - board STM32F401C-DISCO has no document id list !
2022-09-28 08:21:10,160 [WARN] DbBoards:127 - board STM32F769I-DISC1 has no document id list !
2022-09-28 08:21:10,160 [WARN] DbBoards:127 - board STM32G474E-EVAL1 has no document id list !
2022-09-28 08:21:10,160 [WARN] DbBoards:127 - board STM32H743I-EVAL2 has no document id list !
2022-09-28 08:21:10,160 [WARN] DbBoards:127 - board STM32H747I-DISC1 has no document id list !
2022-09-28 08:21:10,160 [WARN] DbBoards:127 - board STM32H753I-EVAL2 has no document id list !
2022-09-28 08:21:10,160 [WARN] DbBoards:127 - board STM32L-DISCOVERY has no document id list !
2022-09-28 08:21:10,550 [ERROR] DbBoards:189 - Image file not found for board B-U585I-IOT02A: E:\LocationDestinationFrom221\STM32CubeIDE\STM32CubeIDE_1.7.0\STM32CubeIDE\plugins\com.st.stm32cube.common.mx_6.3.0.202107141111\\db\/plugins/mcufinder/images/boards/B-U585I-IOT02A_small.jpg
2022-09-28 08:21:10,691 [ERROR] DbBoards:189 - Image file not found for board NUCLEO-F413ZH: E:\LocationDestinationFrom221\STM32CubeIDE\STM32CubeIDE_1.7.0\STM32CubeIDE\plugins\com.st.stm32cube.common.mx_6.3.0.202107141111\\db\/plugins/mcufinder/images/boards/nucleo-f413zh_small.jpg
2022-09-28 08:21:10,925 [ERROR] DbBoards:189 - Image file not found for board NUCLEO-L552ZE-Q: E:\LocationDestinationFrom221\STM32CubeIDE\STM32CubeIDE_1.7.0\STM32CubeIDE\plugins\com.st.stm32cube.common.mx_6.3.0.202107141111\\db\/plugins/mcufinder/images/boards/nucleo_l552ze_q_small.jpg
2022-09-28 08:21:10,925 [ERROR] DbBoards:189 - Image file not found for board NUCLEO-U575ZI-Q: E:\LocationDestinationFrom221\STM32CubeIDE\STM32CubeIDE_1.7.0\STM32CubeIDE\plugins\com.st.stm32cube.common.mx_6.3.0.202107141111\\db\/plugins/mcufinder/images/boards/nucleo-u575zi-q_small.jpg
2022-09-28 08:21:10,925 [ERROR] DbBoards:189 - Image file not found for board NUCLEO-WB15CC: E:\LocationDestinationFrom221\STM32CubeIDE\STM32CubeIDE_1.7.0\STM32CubeIDE\plugins\com.st.stm32cube.common.mx_6.3.0.202107141111\\db\/plugins/mcufinder/images/boards/nucleo-wb15cc_small.jpg
2022-09-28 08:21:10,925 [ERROR] DbBoards:189 - Image file not found for board NUCLEO-WB55RG: E:\LocationDestinationFrom221\STM32CubeIDE\STM32CubeIDE_1.7.0\STM32CubeIDE\plugins\com.st.stm32cube.common.mx_6.3.0.202107141111\\db\/plugins/mcufinder/images/boards/nucleo-wb55rg_small.jpg
2022-09-28 08:21:13,148 [INFO] ApiDb:251 - Load user favorites file C:\Users\Admin/.stm32cubeide/favorites.boards.txt: 0 item(s)
2022-09-28 08:21:13,148 [INFO] ApiDb:255 - User favorites Boards=[]
2022-09-28 08:21:13,148 [INFO] DbBoards:206 - Set 0 / 0 favorites Boards
2022-09-28 08:21:21,538 [INFO] DbMcusDocs:143 - JSON generation date=Tue Nov 16 23:17:54 GMT+07:00 2021 (1637079474)
2022-09-28 08:21:21,897 [INFO] DbMcusDocs:79 - Found 682 MCUs documents
2022-09-28 08:21:48,412 [INFO] MainUpdater:2671 - connection check result : 10
2022-09-28 08:21:48,412 [INFO] MainUpdater:2671 - connection check result : 10
2022-09-28 08:21:48,606 [INFO] MicroXplorer:448 - Change Database Path : 
2022-09-28 08:21:48,606 [INFO] MicroXplorer:478 - Change Database Version : DB.6.0.30
2022-09-28 08:21:48,606 [WARN] ThirdParty:813 - waiting for thirdparty lock release [close project]
2022-09-28 08:21:48,606 [INFO] ThirdParty:815 - entering critical section [close project]
2022-09-28 08:21:48,606 [INFO] ThirdParty:825 - exiting critical section [close project]
2022-09-28 08:21:48,621 [INFO] PinOutPanel:1463 - setPackage(No Configuration,No Configuration)
2022-09-28 08:21:48,621 [INFO] UtilMem:74 - Begin LoadConfig() Used Memory: 403536408 Bytes (519045120)
2022-09-28 08:21:48,621 [INFO] MicroXplorer:448 - Change Database Path : 
2022-09-28 08:21:48,621 [INFO] MicroXplorer:478 - Change Database Version : DB.6.0.30
2022-09-28 08:21:48,621 [INFO] OpenFileManager:313 - Change cursor
2022-09-28 08:21:48,668 [WARN] IntegrityCheckThread:78 - waiting for thirdparty lock release [integrity check]
2022-09-28 08:21:48,668 [INFO] IntegrityCheckThread:80 - entering critical section [integrity check]
2022-09-28 08:21:49,012 [WARN] PackLoader:238 - Cannot read IP mode file for STMicroelectronics.X-CUBE-GNSS1.6.0.0
2022-09-28 08:21:49,090 [WARN] PackLoader:238 - Cannot read IP mode file for STMicroelectronics.X-CUBE-AZRTOS-F4.1.1.0
2022-09-28 08:21:49,137 [WARN] PackLoader:238 - Cannot read IP mode file for STMicroelectronics.X-CUBE-AZRTOS-F7.1.1.0
2022-09-28 08:21:49,152 [WARN] PackLoader:238 - Cannot read IP mode file for STMicroelectronics.X-CUBE-BLE1.6.2.3
2022-09-28 08:21:49,184 [WARN] PackLoader:238 - Cannot read IP mode file for STMicroelectronics.X-CUBE-NFC4.2.0.4
2022-09-28 08:21:49,230 [WARN] PackLoader:238 - Cannot read IP mode file for STMicroelectronics.X-CUBE-TOF1.3.1.0
2022-09-28 08:21:49,262 [WARN] PackLoader:238 - Cannot read IP mode file for wolfSSL.I-CUBE-wolfSSL.5.5.0
2022-09-28 08:21:49,277 [WARN] PackLoader:238 - Cannot read IP mode file for STMicroelectronics.X-CUBE-NFC7.1.0.0
2022-09-28 08:21:49,355 [WARN] PackLoader:238 - Cannot read IP mode file for STMicroelectronics.X-CUBE-MEMS1.9.3.0
2022-09-28 08:21:49,543 [WARN] PackLoader:238 - Cannot read IP mode file for STMicroelectronics.X-CUBE-AI.7.2.0
2022-09-28 08:21:49,574 [WARN] PackLoader:238 - Cannot read IP mode file for STMicroelectronics.X-CUBE-SFXS2LP1.4.0.0
2022-09-28 08:21:49,590 [WARN] PackLoader:238 - Cannot read IP mode file for STMicroelectronics.X-CUBE-BLE2.3.3.0
2022-09-28 08:21:49,637 [WARN] PackLoader:238 - Cannot read IP mode file for STMicroelectronics.X-CUBE-DISPLAY.2.2.0
2022-09-28 08:21:49,699 [WARN] PackLoader:238 - Cannot read IP mode file for STMicroelectronics.X-CUBE-ISPU.1.0.0
2022-09-28 08:21:49,746 [WARN] PackLoader:238 - Cannot read IP mode file for RoweBots.I-CUBE-UNISONRTOS.5.5.0-4
2022-09-28 08:21:49,808 [WARN] PackLoader:238 - Cannot read IP mode file for STMicroelectronics.X-CUBE-AZRTOS-H7.2.1.0
2022-09-28 08:21:49,840 [WARN] PackLoader:238 - Cannot read IP mode file for STMicroelectronics.X-CUBE-BLEMGR.1.0.0
2022-09-28 08:21:49,871 [WARN] PackLoader:238 - Cannot read IP mode file for STMicroelectronics.X-CUBE-ALGOBUILD.1.3.0
2022-09-28 08:21:49,902 [WARN] PackLoader:238 - Cannot read IP mode file for STMicroelectronics.X-CUBE-AZRTOS-G0.1.1.0
2022-09-28 08:21:49,949 [WARN] PackLoader:238 - Cannot read IP mode file for STMicroelectronics.X-CUBE-SUBG2.5.0.0
2022-09-28 08:21:50,012 [WARN] PackLoader:238 - Cannot read IP mode file for SEGGER.I-CUBE-embOS.1.2.0
2022-09-28 08:21:50,074 [WARN] PackLoader:238 - Cannot read IP mode file for STMicroelectronics.FP-ATR-ASTRA1.1.1.1
2022-09-28 08:21:50,121 [WARN] PackLoader:238 - Cannot read IP mode file for STMicroelectronics.X-CUBE-AZRTOS-G4.1.0.0
2022-09-28 08:21:50,168 [WARN] PackLoader:238 - Cannot read IP mode file for STMicroelectronics.X-CUBE-AZRTOS-L4.1.0.0
2022-09-28 08:21:50,183 [WARN] PackLoader:238 - Cannot read IP mode file for emotas.I-CUBE-CANOPEN.1.1.2
2022-09-28 08:21:50,215 [WARN] PackLoader:238 - Cannot read IP mode file for STMicroelectronics.X-CUBE-TOUCHGFX.4.20.0
2022-09-28 08:21:50,246 [WARN] PackLoader:238 - Cannot read IP mode file for STMicroelectronics.X-CUBE-AZRTOS-WL.1.0.0
2022-09-28 08:21:50,324 [WARN] PackLoader:238 - Cannot read IP mode file for portGmbH.I-Cube-SoM-uGOAL.1.1.0
2022-09-28 08:21:50,387 [WARN] PackLoader:238 - Cannot read IP mode file for STMicroelectronics.X-CUBE-ALS.1.0.1
2022-09-28 08:21:50,637 [WARN] PackLoader:238 - Cannot read IP mode file for STMicroelectronics.X-CUBE-AZRTOS-L5.1.0.0
2022-09-28 08:21:50,668 [WARN] PackLoader:238 - Cannot read IP mode file for STMicroelectronics.X-CUBE-EEPRMA1.3.1.1
2022-09-28 08:21:50,668 [INFO] ThirdParty:915 - Integrity check success = true
2022-09-28 08:21:50,668 [INFO] IntegrityCheckThread:94 - exiting critical section [integrity check]
2022-09-28 08:21:50,668 [INFO] IntegrityCheckThread:97 - End integrity checks thread
2022-09-28 08:21:53,425 [INFO] Context:592 - Trying to add GPIOservice into a context  which must be forbidden
2022-09-28 08:21:53,816 [INFO] ImportTextPane:167 - (OptionalMessage_ERROR) Unable to find key (Mcu.ThirdPartyNb) in loaded IOC file
2022-09-28 08:21:53,816 [INFO] ImportTextPane:167 - (OptionalMessage_ERROR) Unable to find key (Mcu.PinsNb) in loaded IOC file
2022-09-28 08:21:53,816 [INFO] ImportTextPane:167 - (OptionalMessage_ERROR) Unable to find key (Mcu.IPNb) in loaded IOC file
2022-09-28 08:21:53,894 [WARN] ApiManager:304 - Cannot register API 'Board Extension:GNSS1A1' from pack STMicroelectronics.X-CUBE-GNSS1.6.0.0: no header file found
2022-09-28 08:21:53,894 [WARN] ApiManager:304 - Cannot register API 'Board Support:Custom' from pack STMicroelectronics.X-CUBE-GNSS1.6.0.0: no header file found
2022-09-28 08:21:53,894 [WARN] ApiManager:304 - Cannot register API 'Data Exchange:lib_gnss' from pack STMicroelectronics.X-CUBE-GNSS1.6.0.0: no header file found
2022-09-28 08:21:53,909 [WARN] ModelIntegratedComponent:60 - No mode defined for component null
2022-09-28 08:21:53,909 [WARN] ModelIntegratedComponent:60 - No mode defined for component null
2022-09-28 08:21:53,909 [WARN] ModelIntegratedComponent:60 - No mode defined for component null
2022-09-28 08:21:53,909 [WARN] ModelIntegratedComponent:60 - No mode defined for component null
2022-09-28 08:21:53,909 [WARN] ModelIntegratedComponent:60 - No mode defined for component null
2022-09-28 08:21:53,909 [WARN] ModelIntegratedComponent:60 - No mode defined for component null
2022-09-28 08:21:53,909 [WARN] ModelIntegratedComponent:60 - No mode defined for component null
2022-09-28 08:21:53,909 [WARN] ModelIntegratedComponent:60 - No mode defined for component null
2022-09-28 08:21:53,909 [WARN] ModelIntegratedComponent:60 - No mode defined for component null
2022-09-28 08:21:53,909 [WARN] ModelIntegratedComponent:60 - No mode defined for component null
2022-09-28 08:21:53,909 [WARN] ModelIntegratedComponent:60 - No mode defined for component null
2022-09-28 08:21:53,909 [WARN] ModelIntegratedComponent:60 - No mode defined for component null
2022-09-28 08:21:53,909 [WARN] ModelIntegratedComponent:60 - No mode defined for component null
2022-09-28 08:21:53,909 [WARN] ModelIntegratedComponent:60 - No mode defined for component null
2022-09-28 08:21:53,909 [WARN] ModelIntegratedComponent:60 - No mode defined for component null
2022-09-28 08:21:53,909 [WARN] ModelIntegratedComponent:60 - No mode defined for component null
2022-09-28 08:21:53,909 [WARN] ModelIntegratedComponent:60 - No mode defined for component null
2022-09-28 08:21:53,909 [WARN] ModelIntegratedComponent:60 - No mode defined for component null
2022-09-28 08:21:53,909 [WARN] ModelIntegratedComponent:60 - No mode defined for component null
2022-09-28 08:21:53,909 [WARN] ModelIntegratedComponent:60 - No mode defined for component null
2022-09-28 08:21:53,909 [WARN] ModelIntegratedComponent:60 - No mode defined for component null
2022-09-28 08:21:53,909 [WARN] ModelIntegratedComponent:60 - No mode defined for component null
2022-09-28 08:21:53,909 [WARN] ModelIntegratedComponent:60 - No mode defined for component null
2022-09-28 08:21:53,909 [WARN] ModelIntegratedComponent:60 - No mode defined for component null
2022-09-28 08:21:53,909 [WARN] ModelIntegratedComponent:60 - No mode defined for component null
2022-09-28 08:21:53,909 [WARN] ModelIntegratedComponent:60 - No mode defined for component null
2022-09-28 08:21:53,909 [WARN] ModelIntegratedComponent:60 - No mode defined for component null
2022-09-28 08:21:53,909 [WARN] ModelIntegratedComponent:60 - No mode defined for component null
2022-09-28 08:21:53,909 [WARN] ModelIntegratedComponent:60 - No mode defined for component null
2022-09-28 08:21:53,925 [WARN] ModelIntegratedComponent:60 - No mode defined for component null
2022-09-28 08:21:53,925 [WARN] ModelIntegratedComponent:60 - No mode defined for component null
2022-09-28 08:21:53,925 [WARN] ApiManager:304 - Cannot register API 'Board Extension:NFC07A1' from pack STMicroelectronics.X-CUBE-NFC7.1.0.0: no header file found
2022-09-28 08:21:54,128 [WARN] ApiManager:304 - Cannot register API 'Board Extension:IKS01A3' from pack STMicroelectronics.X-CUBE-MEMS1.9.3.0: no header file found
2022-09-28 08:21:54,128 [WARN] ApiManager:304 - Cannot register API 'Board Extension:IKS01A2' from pack STMicroelectronics.X-CUBE-MEMS1.9.3.0: no header file found
2022-09-28 08:21:54,128 [WARN] ApiManager:304 - Cannot register API 'Board Extension:IKS02A1' from pack STMicroelectronics.X-CUBE-MEMS1.9.3.0: no header file found
2022-09-28 08:21:54,128 [WARN] ApiManager:304 - Cannot register API 'Wireless:BlueNRG-MS' from pack STMicroelectronics.X-CUBE-BLE1.6.2.3: no header file found
2022-09-28 08:21:54,128 [INFO] RtosManager:484 - Registered RTOS mode: class=CMSIS, group=RTOS, mode=CMSIS_V1, owner=FREERTOS
2022-09-28 08:21:54,128 [INFO] RtosManager:484 - Registered RTOS mode: class=CMSIS, group=RTOS2, mode=CMSIS_V2, owner=FREERTOS
2022-09-28 08:21:54,128 [INFO] RtosManager:484 - Registered RTOS mode: class=RTOS, group=Core, mode=CMSIS_V1, owner=FREERTOS
2022-09-28 08:21:54,128 [INFO] RtosManager:484 - Registered RTOS mode: class=RTOS, group=Core, mode=CMSIS_V2, owner=FREERTOS
2022-09-28 08:21:54,144 [WARN] ModelIntegratedComponent:181 - Missing modes for component STMicroelectronics:FreeRTOS:0.0.1:STMicroelectronics:RTOS:FreeRTOS:Core:::10.2.0:
2022-09-28 08:21:54,144 [WARN] ApiManager:304 - Cannot register API 'Board Extension:S2868A1' from pack STMicroelectronics.X-CUBE-SUBG2.5.0.0: no header file found
2022-09-28 08:21:54,144 [WARN] ApiManager:304 - Cannot register API 'Board Extension:S2868A2' from pack STMicroelectronics.X-CUBE-SUBG2.5.0.0: no header file found
2022-09-28 08:21:54,144 [WARN] ApiManager:304 - Cannot register API 'Board Extension:S2915A1' from pack STMicroelectronics.X-CUBE-SUBG2.5.0.0: no header file found
2022-09-28 08:21:54,144 [WARN] ApiManager:304 - Cannot register API 'Board Extension:EEPRMA1' from pack STMicroelectronics.X-CUBE-EEPRMA1.3.1.1: no header file found
2022-09-28 08:21:54,144 [WARN] ApiManager:304 - Cannot register API 'Board Extension:EEPRMA2' from pack STMicroelectronics.X-CUBE-EEPRMA1.3.1.1: no header file found
2022-09-28 08:21:54,144 [WARN] ApiManager:304 - Cannot register API 'Board Extension:S2868A1' from pack STMicroelectronics.X-CUBE-SFXS2LP1.4.0.0: no header file found
2022-09-28 08:21:54,144 [WARN] ApiManager:304 - Cannot register API 'Board Extension:S2868A2' from pack STMicroelectronics.X-CUBE-SFXS2LP1.4.0.0: no header file found
2022-09-28 08:21:54,144 [WARN] ApiManager:304 - Cannot register API 'Board Extension:S2915A1' from pack STMicroelectronics.X-CUBE-SFXS2LP1.4.0.0: no header file found
2022-09-28 08:21:54,144 [WARN] ApiManager:304 - Cannot register API 'Wireless:BlueNRG-2' from pack STMicroelectronics.X-CUBE-BLE2.3.3.0: no header file found
2022-09-28 08:21:54,159 [WARN] ApiManager:304 - Cannot register API 'Board Extension:NFC04A1' from pack STMicroelectronics.X-CUBE-NFC4.2.0.4: no header file found
2022-09-28 08:21:55,768 [INFO] UtilMem:74 - End LoadConfig() Used Memory: 419474432 Bytes (519045120)
2022-09-28 08:21:56,463 [WARN] ThirdParty:779 - waiting for thirdparty lock release [change project]
2022-09-28 08:21:56,464 [INFO] ThirdParty:781 - entering critical section [change project]
2022-09-28 08:21:56,464 [INFO] ThirdParty:967 - CMSIS Pack Vendor :RoweBots I-CUBE-UNISONRTOS 5.5.0-4
2022-09-28 08:21:56,464 [INFO] ThirdParty:967 - CMSIS Pack Vendor :STMicroelectronics X-CUBE-GNSS1 6.0.0
2022-09-28 08:21:56,465 [INFO] ThirdParty:967 - CMSIS Pack Vendor :STMicroelectronics X-CUBE-AZRTOS-H7 2.1.0
2022-09-28 08:21:56,466 [INFO] ThirdParty:967 - CMSIS Pack Vendor :STMicroelectronics USB_HOST 2.0.0
2022-09-28 08:21:56,467 [INFO] ThirdParty:967 - CMSIS Pack Vendor :STMicroelectronics X-CUBE-AZRTOS-F4 1.1.0
2022-09-28 08:21:56,467 [INFO] ThirdParty:967 - CMSIS Pack Vendor :STMicroelectronics X-CUBE-AZRTOS-G4 1.0.0
2022-09-28 08:21:56,467 [INFO] ThirdParty:967 - CMSIS Pack Vendor :STMicroelectronics X-CUBE-AZRTOS-L4 1.0.0
2022-09-28 08:21:56,468 [INFO] ThirdParty:967 - CMSIS Pack Vendor :STMicroelectronics USB_DEVICE 3.0.0
2022-09-28 08:21:56,468 [INFO] ThirdParty:967 - CMSIS Pack Vendor :wolfSSL I-CUBE-wolfSSL 5.5.0
2022-09-28 08:21:56,469 [INFO] ThirdParty:967 - CMSIS Pack Vendor :STMicroelectronics HAL Drivers 0.0.0
2022-09-28 08:21:56,470 [INFO] ThirdParty:967 - CMSIS Pack Vendor :STMicroelectronics MBEDTLS 2.16.2
2022-09-28 08:21:56,470 [INFO] ThirdParty:967 - CMSIS Pack Vendor :emotas I-CUBE-CANOPEN 1.1.2
2022-09-28 08:21:56,471 [INFO] ThirdParty:967 - CMSIS Pack Vendor :STMicroelectronics X-CUBE-TOUCHGFX 4.20.0
2022-09-28 08:21:56,472 [INFO] ThirdParty:967 - CMSIS Pack Vendor :STMicroelectronics MBEDTLS 2.14.1
2022-09-28 08:21:56,473 [INFO] ThirdParty:967 - CMSIS Pack Vendor :STMicroelectronics X-CUBE-NFC7 1.0.0
2022-09-28 08:21:56,474 [INFO] ThirdParty:967 - CMSIS Pack Vendor :STMicroelectronics X-CUBE-BLEMGR 1.0.0
2022-09-28 08:21:56,474 [INFO] ThirdParty:967 - CMSIS Pack Vendor :STMicroelectronics X-CUBE-AZRTOS-WL 1.0.0
2022-09-28 08:21:56,474 [INFO] ThirdParty:967 - CMSIS Pack Vendor :STMicroelectronics X-CUBE-AZRTOS-F7 1.1.0
2022-09-28 08:21:56,474 [INFO] ThirdParty:967 - CMSIS Pack Vendor :STMicroelectronics X-CUBE-MEMS1 9.3.0
2022-09-28 08:21:56,474 [INFO] ThirdParty:967 - CMSIS Pack Vendor :portGmbH I-Cube-SoM-uGOAL 1.1.0
2022-09-28 08:21:56,474 [INFO] ThirdParty:967 - CMSIS Pack Vendor :STMicroelectronics X-CUBE-ALS 1.0.1
2022-09-28 08:21:56,474 [INFO] ThirdParty:967 - CMSIS Pack Vendor :STMicroelectronics USB_DEVICE 2.0.0
2022-09-28 08:21:56,474 [INFO] ThirdParty:967 - CMSIS Pack Vendor :STMicroelectronics X-CUBE-AI 7.2.0
2022-09-28 08:21:56,474 [INFO] ThirdParty:967 - CMSIS Pack Vendor :STMicroelectronics X-CUBE-BLE1 6.2.3
2022-09-28 08:21:56,474 [INFO] ThirdParty:967 - CMSIS Pack Vendor :STMicroelectronics X-CUBE-ALGOBUILD 1.3.0
2022-09-28 08:21:56,474 [INFO] ThirdParty:967 - CMSIS Pack Vendor :STMicroelectronics X-CUBE-AZRTOS-L5 1.0.0
2022-09-28 08:21:56,474 [INFO] ThirdParty:967 - CMSIS Pack Vendor :STMicroelectronics FreeRTOS 0.0.1
2022-09-28 08:21:56,474 [INFO] ThirdParty:967 - CMSIS Pack Vendor :STMicroelectronics X-CUBE-AZRTOS-G0 1.1.0
2022-09-28 08:21:56,474 [INFO] ThirdParty:967 - CMSIS Pack Vendor :STMicroelectronics USB_DEVICE 1.0.0
2022-09-28 08:21:56,474 [INFO] ThirdParty:967 - CMSIS Pack Vendor :STMicroelectronics X-CUBE-SUBG2 5.0.0
2022-09-28 08:21:56,474 [INFO] ThirdParty:967 - CMSIS Pack Vendor :SEGGER I-CUBE-embOS 1.2.0
2022-09-28 08:21:56,474 [INFO] ThirdParty:967 - CMSIS Pack Vendor :STMicroelectronics X-CUBE-EEPRMA1 3.1.1
2022-09-28 08:21:56,474 [INFO] ThirdParty:967 - CMSIS Pack Vendor :STMicroelectronics ThreadX 0.0.2
2022-09-28 08:21:56,474 [INFO] ThirdParty:967 - CMSIS Pack Vendor :STMicroelectronics lwIP 2.0.3
2022-09-28 08:21:56,474 [INFO] ThirdParty:967 - CMSIS Pack Vendor :STMicroelectronics lwIP 2.1.2
2022-09-28 08:21:56,474 [INFO] ThirdParty:967 - CMSIS Pack Vendor :STMicroelectronics X-CUBE-SFXS2LP1 4.0.0
2022-09-28 08:21:56,474 [INFO] ThirdParty:967 - CMSIS Pack Vendor :STMicroelectronics X-CUBE-BLE2 3.3.0
2022-09-28 08:21:56,474 [INFO] ThirdParty:967 - CMSIS Pack Vendor :STMicroelectronics X-CUBE-NFC4 2.0.4
2022-09-28 08:21:56,484 [INFO] ThirdParty:967 - CMSIS Pack Vendor :STMicroelectronics USB_HOST 1.0.0
2022-09-28 08:21:56,484 [INFO] ThirdParty:967 - CMSIS Pack Vendor :STMicroelectronics X-CUBE-DISPLAY 2.2.0
2022-09-28 08:21:56,485 [INFO] ThirdParty:967 - CMSIS Pack Vendor :STMicroelectronics PDM2PCM 3.1.0
2022-09-28 08:21:56,486 [INFO] ThirdParty:967 - CMSIS Pack Vendor :STMicroelectronics FP-ATR-ASTRA1 1.1.1
2022-09-28 08:21:56,486 [INFO] ThirdParty:967 - CMSIS Pack Vendor :STMicroelectronics PDM2PCM 3.2.0
2022-09-28 08:21:56,487 [INFO] ThirdParty:967 - CMSIS Pack Vendor :STMicroelectronics PDM2PCM 3.3.0
2022-09-28 08:21:56,487 [INFO] ThirdParty:967 - CMSIS Pack Vendor :STMicroelectronics X-CUBE-TOF1 3.1.0
2022-09-28 08:21:56,488 [INFO] ThirdParty:967 - CMSIS Pack Vendor :STMicroelectronics X-CUBE-ISPU 1.0.0
2022-09-28 08:21:56,489 [INFO] ThirdParty:787 - exiting critical section [change project]
2022-09-28 08:21:57,177 [INFO] PinOutPanel:1463 - setPackage(No Configuration,No Configuration)
2022-09-28 08:21:57,177 [INFO] PinOutPanel:1463 - setPackage(STM32F103C6Ux,UFQFPN48)
2022-09-28 08:21:57,893 [INFO] UtilMem:74 - Before build in PCC Used Memory: 365995008 Bytes (519045120)
2022-09-28 08:21:59,766 [INFO] UtilMem:74 - After build in PCC Used Memory: 445686784 Bytes (519045120)
2022-09-28 08:21:59,816 [INFO] IPUIPlugin:74 - create IPUIPlugin
2022-09-28 08:21:59,816 [INFO] IPUIPlugin:74 - create IPUIPlugin
2022-09-28 08:21:59,816 [INFO] IPUIPlugin:74 - create IPUIPlugin
2022-09-28 08:21:59,816 [INFO] IPUIPlugin:74 - create IPUIPlugin
2022-09-28 08:21:59,816 [INFO] IPUIPlugin:74 - create IPUIPlugin
2022-09-28 08:21:59,816 [INFO] IPUIPlugin:74 - create IPUIPlugin
2022-09-28 08:21:59,816 [INFO] IPUIPlugin:74 - create IPUIPlugin
2022-09-28 08:21:59,816 [INFO] IPUIPlugin:74 - create IPUIPlugin
2022-09-28 08:21:59,816 [INFO] IPUIPlugin:74 - create IPUIPlugin
2022-09-28 08:21:59,816 [INFO] IPUIPlugin:74 - create IPUIPlugin
2022-09-28 08:21:59,816 [INFO] IPUIPlugin:74 - create IPUIPlugin
2022-09-28 08:21:59,816 [INFO] IPUIPlugin:74 - create IPUIPlugin
2022-09-28 08:21:59,816 [INFO] IPUIPlugin:74 - create IPUIPlugin
2022-09-28 08:21:59,816 [INFO] IPUIPlugin:74 - create IPUIPlugin
2022-09-28 08:21:59,816 [INFO] IPUIPlugin:74 - create IPUIPlugin
2022-09-28 08:21:59,816 [INFO] IPUIPlugin:74 - create IPUIPlugin
2022-09-28 08:21:59,816 [INFO] IPUIPlugin:74 - create IPUIPlugin
2022-09-28 08:21:59,816 [INFO] IPUIPlugin:74 - create IPUIPlugin
2022-09-28 08:21:59,816 [INFO] IPUIPlugin:74 - create IPUIPlugin
2022-09-28 08:21:59,816 [INFO] IPUIPlugin:74 - create IPUIPlugin
2022-09-28 08:21:59,816 [INFO] IPUIPlugin:74 - create IPUIPlugin
2022-09-28 08:21:59,816 [INFO] IPUIPlugin:74 - create IPUIPlugin
2022-09-28 08:21:59,816 [INFO] IPUIPlugin:74 - create IPUIPlugin
2022-09-28 08:22:00,226 [INFO] OpenFileManager:333 - Restore cursor
2022-09-28 08:22:00,654 [INFO] UtilMem:74 - End SaveConfig() Used Memory: 365040296 Bytes (519045120)
2022-09-28 08:22:00,716 [INFO] UtilMem:74 - End SaveConfig() Used Memory: 376994304 Bytes (519045120)
2022-09-28 08:22:01,154 [INFO] BlockDiagram:2740 - set Specific Code input for plugin: NVIC
2022-09-28 08:22:01,154 [INFO] BlockDiagram:2740 - set Specific Code input for plugin: SYS
2022-09-28 08:22:01,154 [INFO] BlockDiagram:2740 - set Specific Code input for plugin: RCC
2022-09-28 08:22:01,154 [INFO] CodeGenerator:663 - code generatio: config db path: E:\LocationDestinationFrom221\STM32CubeIDE\STM32CubeIDE_1.7.0\STM32CubeIDE\plugins\com.st.stm32cube.common.mx_6.3.0.202107141111\\db\
2022-09-28 08:22:01,839 [INFO] CodeEngine:239 - oldGeneratedFile, E:\HK221\MCU\LAB\lab2\stm32\MXTmpFiles\license.tmp_save
2022-09-28 08:22:02,441 [INFO] CodeEngine:257 - Generated code: E:\HK221\MCU\LAB\lab2\stm32\MXTmpFiles\license.tmp
2022-09-28 08:22:03,041 [INFO] CodeEngine:239 - oldGeneratedFile, E:\HK221\MCU\LAB\lab2\stm32\Core\Src\stm32f1xx_it.c_save
2022-09-28 08:22:03,246 [INFO] CodeEngine:257 - Generated code: E:\HK221\MCU\LAB\lab2\stm32\Core\Src\stm32f1xx_it.c
2022-09-28 08:22:03,251 [INFO] CodeEngine:239 - oldGeneratedFile, E:\HK221\MCU\LAB\lab2\stm32\Core\Inc\stm32f1xx_it.h_save
2022-09-28 08:22:03,361 [INFO] CodeEngine:257 - Generated code: E:\HK221\MCU\LAB\lab2\stm32\Core\Inc\stm32f1xx_it.h
2022-09-28 08:22:03,456 [INFO] CodeEngine:239 - oldGeneratedFile, E:\HK221\MCU\LAB\lab2\stm32\Core\Src\stm32f1xx_hal_msp.c_save
2022-09-28 08:22:03,621 [INFO] CodeEngine:257 - Generated code: E:\HK221\MCU\LAB\lab2\stm32\Core\Src\stm32f1xx_hal_msp.c
2022-09-28 08:22:03,632 [INFO] CodeEngine:239 - oldGeneratedFile, E:\HK221\MCU\LAB\lab2\stm32\MXTmpFiles\system.tmp_save
2022-09-28 08:22:03,706 [INFO] CodeEngine:257 - Generated code: E:\HK221\MCU\LAB\lab2\stm32\MXTmpFiles\system.tmp
2022-09-28 08:22:03,751 [INFO] CodeEngine:239 - oldGeneratedFile, E:\HK221\MCU\LAB\lab2\stm32\Core\Inc\stm32f1xx_hal_conf.h_save
2022-09-28 08:22:03,841 [INFO] CodeEngine:257 - Generated code: E:\HK221\MCU\LAB\lab2\stm32\Core\Inc\stm32f1xx_hal_conf.h
2022-09-28 08:22:04,101 [INFO] CodeEngine:239 - oldGeneratedFile, E:\HK221\MCU\LAB\lab2\stm32\Core\Inc\main.h_save
2022-09-28 08:22:04,216 [INFO] CodeEngine:257 - Generated code: E:\HK221\MCU\LAB\lab2\stm32\Core\Inc\main.h
2022-09-28 08:22:04,221 [INFO] CodeEngine:239 - oldGeneratedFile, E:\HK221\MCU\LAB\lab2\stm32\Core\Src\main.c_save
2022-09-28 08:22:04,351 [INFO] CodeEngine:257 - Generated code: E:\HK221\MCU\LAB\lab2\stm32\Core\Src\main.c
2022-09-28 08:22:06,605 [INFO] ProjectBuilder:2578 - Time for Copy HAL[1] : 1208mS.
2022-09-28 08:22:06,621 [INFO] ProjectBuilder:3622 - Project Generator version: 3.14.1
2022-09-28 08:22:07,452 [INFO] ConfigFileManager:1271 - The Die is : DIE412
2022-09-28 08:22:07,593 [INFO] ApiDbMcu:468 - Load IP Config File for FATFS
2022-09-28 08:22:07,719 [INFO] ApiDbMcu:468 - Load IP Config File for FREERTOS
2022-09-28 08:22:07,820 [INFO] ApiDbMcu:468 - Load IP Config File for USB_DEVICE
2022-09-28 08:22:24,812 [INFO] ProjectBuilder:3789 - Time for Generating toolchain IDE Files: 18191mS.
2022-09-28 08:22:24,814 [INFO] ProjectBuilder:2457 - Time for Copy CMSIS : 1mS.
2022-09-28 08:22:24,829 [INFO] ProjectBuilder:2457 - Time for Copy CMSIS : 0mS.
2022-09-28 08:22:25,550 [INFO] McuFinderGlobals:52 - Set McuFinderConnectedMode to true
2022-09-28 08:22:25,565 [INFO] ApiDb:276 - Save user favorites file C:\Users\Admin/.stm32cubeide/favorites.mcus.txt: 0 item(s)
2022-09-28 08:22:25,565 [INFO] ApiDb:280 - User favorites MCUs=[]
2022-09-28 10:43:02,810 [INFO] UtilMem:74 - End SaveConfig() Used Memory: 515296184 Bytes (781189120)
2022-09-28 10:43:04,174 [INFO] UtilMem:74 - End SaveConfig() Used Memory: 531015592 Bytes (781189120)
2022-09-28 10:43:09,177 [INFO] UtilMem:74 - End SaveConfig() Used Memory: 271011416 Bytes (781189120)
2022-09-28 10:43:09,569 [INFO] BlockDiagram:2740 - set Specific Code input for plugin: NVIC
2022-09-28 10:43:09,569 [INFO] BlockDiagram:2740 - set Specific Code input for plugin: SYS
2022-09-28 10:43:09,569 [INFO] BlockDiagram:2740 - set Specific Code input for plugin: GPIO
2022-09-28 10:43:09,569 [INFO] BlockDiagram:2740 - set Specific Code input for plugin: RCC
2022-09-28 10:43:09,569 [INFO] CodeGenerator:663 - code generatio: config db path: E:\LocationDestinationFrom221\STM32CubeIDE\STM32CubeIDE_1.7.0\STM32CubeIDE\plugins\com.st.stm32cube.common.mx_6.3.0.202107141111\\db\
2022-09-28 10:43:10,029 [INFO] CodeEngine:239 - oldGeneratedFile, E:\HK221\MCU\LAB\lab2\stm32\MXTmpFiles\license.tmp_save
2022-09-28 10:43:10,099 [INFO] CodeEngine:257 - Generated code: E:\HK221\MCU\LAB\lab2\stm32\MXTmpFiles\license.tmp
2022-09-28 10:43:10,249 [INFO] CodeEngine:239 - oldGeneratedFile, E:\HK221\MCU\LAB\lab2\stm32\MXTmpFiles\gpio.tmp_save
2022-09-28 10:43:10,339 [INFO] CodeEngine:257 - Generated code: E:\HK221\MCU\LAB\lab2\stm32\MXTmpFiles\gpio.tmp
2022-09-28 10:43:10,389 [INFO] CodeEngine:239 - oldGeneratedFile, E:\HK221\MCU\LAB\lab2\stm32\Core\Src\stm32f1xx_it.c_save
2022-09-28 10:43:10,559 [INFO] CodeEngine:257 - Generated code: E:\HK221\MCU\LAB\lab2\stm32\Core\Src\stm32f1xx_it.c
2022-09-28 10:43:10,569 [INFO] CodeEngine:239 - oldGeneratedFile, E:\HK221\MCU\LAB\lab2\stm32\Core\Inc\stm32f1xx_it.h_save
2022-09-28 10:43:10,689 [INFO] CodeEngine:257 - Generated code: E:\HK221\MCU\LAB\lab2\stm32\Core\Inc\stm32f1xx_it.h
2022-09-28 10:43:10,739 [INFO] CodeEngine:239 - oldGeneratedFile, E:\HK221\MCU\LAB\lab2\stm32\Core\Src\stm32f1xx_hal_msp.c_save
2022-09-28 10:43:10,874 [INFO] CodeEngine:257 - Generated code: E:\HK221\MCU\LAB\lab2\stm32\Core\Src\stm32f1xx_hal_msp.c
2022-09-28 10:43:10,879 [INFO] CodeEngine:239 - oldGeneratedFile, E:\HK221\MCU\LAB\lab2\stm32\MXTmpFiles\system.tmp_save
2022-09-28 10:43:10,944 [INFO] CodeEngine:257 - Generated code: E:\HK221\MCU\LAB\lab2\stm32\MXTmpFiles\system.tmp
2022-09-28 10:43:10,989 [INFO] CodeEngine:239 - oldGeneratedFile, E:\HK221\MCU\LAB\lab2\stm32\Core\Inc\stm32f1xx_hal_conf.h_save
2022-09-28 10:43:11,119 [INFO] CodeEngine:257 - Generated code: E:\HK221\MCU\LAB\lab2\stm32\Core\Inc\stm32f1xx_hal_conf.h
2022-09-28 10:43:11,149 [INFO] CodeEngine:239 - oldGeneratedFile, E:\HK221\MCU\LAB\lab2\stm32\Core\Inc\main.h_save
2022-09-28 10:43:11,289 [INFO] CodeEngine:257 - Generated code: E:\HK221\MCU\LAB\lab2\stm32\Core\Inc\main.h
2022-09-28 10:43:11,321 [INFO] CodeEngine:239 - oldGeneratedFile, E:\HK221\MCU\LAB\lab2\stm32\Core\Src\main.c_save
2022-09-28 10:43:11,450 [INFO] CodeEngine:257 - Generated code: E:\HK221\MCU\LAB\lab2\stm32\Core\Src\main.c
2022-09-28 10:43:13,739 [INFO] ProjectBuilder:2578 - Time for Copy HAL[1] : 921mS.
2022-09-28 10:43:13,750 [INFO] ProjectBuilder:3622 - Project Generator version: 3.14.1
2022-09-28 10:43:14,739 [INFO] ConfigFileManager:1271 - The Die is : DIE412
2022-09-28 10:43:18,655 [INFO] ProjectBuilder:3789 - Time for Generating toolchain IDE Files: 4905mS.
2022-09-28 10:43:18,655 [INFO] ProjectBuilder:2457 - Time for Copy CMSIS : 0mS.
2022-09-28 10:43:18,659 [INFO] ProjectBuilder:2457 - Time for Copy CMSIS : 0mS.
2022-09-28 10:48:54,847 [INFO] NvicIntPanel:96 - NVIC parent = com.st.microxplorer.plugins.ip.nvic.MultiNvicIntPanel[,0,0,450x147,layout=javax.swing.BoxLayout,alignmentX=0.0,alignmentY=0.0,border=,flags=9,maximumSize=,minimumSize=,preferredSize=]
2022-09-28 10:50:53,480 [INFO] NvicIntPanel:96 - NVIC parent = com.st.microxplorer.plugins.ip.nvic.MultiNvicIntPanel[,0,0,450x147,layout=javax.swing.BoxLayout,alignmentX=0.0,alignmentY=0.0,border=,flags=9,maximumSize=,minimumSize=,preferredSize=]
2022-09-28 10:51:06,332 [INFO] UtilMem:74 - End SaveConfig() Used Memory: 271777448 Bytes (876609536)
2022-09-28 10:51:07,757 [INFO] UtilMem:74 - End SaveConfig() Used Memory: 292742672 Bytes (876609536)
2022-09-28 10:51:09,222 [INFO] UtilMem:74 - End SaveConfig() Used Memory: 365354608 Bytes (876609536)
2022-09-28 10:51:09,623 [INFO] BlockDiagram:2740 - set Specific Code input for plugin: NVIC
2022-09-28 10:51:09,623 [INFO] BlockDiagram:2740 - set Specific Code input for plugin: SYS
2022-09-28 10:51:09,623 [INFO] BlockDiagram:2740 - set Specific Code input for plugin: GPIO
2022-09-28 10:51:09,623 [INFO] BlockDiagram:2740 - set Specific Code input for plugin: RCC
2022-09-28 10:51:09,623 [INFO] BlockDiagram:2740 - set Specific Code input for plugin: TIM1_8F1
2022-09-28 10:51:09,624 [INFO] CodeGenerator:663 - code generatio: config db path: E:\LocationDestinationFrom221\STM32CubeIDE\STM32CubeIDE_1.7.0\STM32CubeIDE\plugins\com.st.stm32cube.common.mx_6.3.0.202107141111\\db\
2022-09-28 10:51:09,994 [INFO] CodeEngine:239 - oldGeneratedFile, E:\HK221\MCU\LAB\lab2\stm32\MXTmpFiles\license.tmp_save
2022-09-28 10:51:10,050 [INFO] CodeEngine:257 - Generated code: E:\HK221\MCU\LAB\lab2\stm32\MXTmpFiles\license.tmp
2022-09-28 10:51:10,078 [INFO] CodeEngine:239 - oldGeneratedFile, E:\HK221\MCU\LAB\lab2\stm32\MXTmpFiles\gpio.tmp_save
2022-09-28 10:51:10,153 [INFO] CodeEngine:257 - Generated code: E:\HK221\MCU\LAB\lab2\stm32\MXTmpFiles\gpio.tmp
2022-09-28 10:51:11,011 [INFO] CodeEngine:239 - oldGeneratedFile, E:\HK221\MCU\LAB\lab2\stm32\Core\Src\stm32f1xx_it.c_save
2022-09-28 10:51:11,121 [INFO] CodeEngine:257 - Generated code: E:\HK221\MCU\LAB\lab2\stm32\Core\Src\stm32f1xx_it.c
2022-09-28 10:51:11,129 [INFO] CodeEngine:239 - oldGeneratedFile, E:\HK221\MCU\LAB\lab2\stm32\Core\Inc\stm32f1xx_it.h_save
2022-09-28 10:51:11,217 [INFO] CodeEngine:257 - Generated code: E:\HK221\MCU\LAB\lab2\stm32\Core\Inc\stm32f1xx_it.h
2022-09-28 10:51:11,239 [INFO] CodeEngine:239 - oldGeneratedFile, E:\HK221\MCU\LAB\lab2\stm32\Core\Src\stm32f1xx_hal_msp.c_save
2022-09-28 10:51:11,368 [INFO] CodeEngine:257 - Generated code: E:\HK221\MCU\LAB\lab2\stm32\Core\Src\stm32f1xx_hal_msp.c
2022-09-28 10:51:11,371 [INFO] CodeEngine:239 - oldGeneratedFile, E:\HK221\MCU\LAB\lab2\stm32\MXTmpFiles\system.tmp_save
2022-09-28 10:51:11,438 [INFO] CodeEngine:257 - Generated code: E:\HK221\MCU\LAB\lab2\stm32\MXTmpFiles\system.tmp
2022-09-28 10:51:11,454 [INFO] CodeEngine:239 - oldGeneratedFile, E:\HK221\MCU\LAB\lab2\stm32\Core\Inc\stm32f1xx_hal_conf.h_save
2022-09-28 10:51:11,732 [INFO] CodeEngine:257 - Generated code: E:\HK221\MCU\LAB\lab2\stm32\Core\Inc\stm32f1xx_hal_conf.h
2022-09-28 10:51:11,804 [WARN] IPConfigManager:3148 - IP not found : TIM
2022-09-28 10:51:11,805 [WARN] CodeGenerator:3268 - IP not found : null
2022-09-28 10:51:11,833 [INFO] CodeEngine:239 - oldGeneratedFile, E:\HK221\MCU\LAB\lab2\stm32\Core\Inc\main.h_save
2022-09-28 10:51:11,951 [INFO] CodeEngine:257 - Generated code: E:\HK221\MCU\LAB\lab2\stm32\Core\Inc\main.h
2022-09-28 10:51:11,964 [INFO] CodeEngine:239 - oldGeneratedFile, E:\HK221\MCU\LAB\lab2\stm32\Core\Src\main.c_save
2022-09-28 10:51:12,167 [INFO] CodeEngine:257 - Generated code: E:\HK221\MCU\LAB\lab2\stm32\Core\Src\main.c
2022-09-28 10:51:13,343 [INFO] ProjectBuilder:2578 - Time for Copy HAL[1] : 204mS.
2022-09-28 10:51:13,346 [INFO] ProjectBuilder:3622 - Project Generator version: 3.14.1
2022-09-28 10:51:14,093 [INFO] ConfigFileManager:1271 - The Die is : DIE412
2022-09-28 10:51:17,037 [INFO] ProjectBuilder:3789 - Time for Generating toolchain IDE Files: 3691mS.
2022-09-28 10:51:17,038 [INFO] ProjectBuilder:2457 - Time for Copy CMSIS : 0mS.
2022-09-28 10:51:17,040 [INFO] ProjectBuilder:2457 - Time for Copy CMSIS : 0mS.
2022-09-28 15:47:58,249 [INFO] Activator:177 - 


2022-09-28 15:47:58,280 [INFO] Activator:178 - !SESSION log4j initialized
